  Bishop.cpp
C:\Users\Cyber_User\source\repos\Chess-Project-Magshimim\Project1\MoveException.h(16,9): warning C4005: 'MOVE_VALID_CHECKMATE': macro redefinition
  (compiling source file 'Bishop.cpp')
      C:\Users\Cyber_User\source\repos\Chess-Project-Magshimim\Project1\Piece.h(23,9):
      see previous definition of 'MOVE_VALID_CHECKMATE'
  
  Board.cpp
  King.cpp
C:\Users\Cyber_User\source\repos\Chess-Project-Magshimim\Project1\MoveException.h(16,9): warning C4005: 'MOVE_VALID_CHECKMATE': macro redefinition
  (compiling source file 'King.cpp')
      C:\Users\Cyber_User\source\repos\Chess-Project-Magshimim\Project1\Piece.h(23,9):
      see previous definition of 'MOVE_VALID_CHECKMATE'
  
  Manager.cpp
C:\Users\Cyber_User\source\repos\Chess-Project-Magshimim\Project1\MoveException.h(16,9): warning C4005: 'MOVE_VALID_CHECKMATE': macro redefinition
  (compiling source file 'Manager.cpp')
      C:\Users\Cyber_User\source\repos\Chess-Project-Magshimim\Project1\Piece.h(23,9):
      see previous definition of 'MOVE_VALID_CHECKMATE'
  
  Piece.cpp
  Pwn.cpp
  Rook.cpp
C:\Users\Cyber_User\source\repos\Chess-Project-Magshimim\Project1\MoveException.h(16,9): warning C4005: 'MOVE_VALID_CHECKMATE': macro redefinition
  (compiling source file 'Rook.cpp')
      C:\Users\Cyber_User\source\repos\Chess-Project-Magshimim\Project1\Piece.h(23,9):
      see previous definition of 'MOVE_VALID_CHECKMATE'
  
  Source.cpp
C:\Users\Cyber_User\source\repos\Chess-Project-Magshimim\Project1\MoveException.h(16,9): warning C4005: 'MOVE_VALID_CHECKMATE': macro redefinition
  (compiling source file 'Source.cpp')
      C:\Users\Cyber_User\source\repos\Chess-Project-Magshimim\Project1\Piece.h(23,9):
      see previous definition of 'MOVE_VALID_CHECKMATE'
  
  stdafx.cpp
Board.obj : error LNK2001: unresolved external symbol "public: __cdecl Knight::Knight(char,class std::basic_string<char,struct std::char_traits<char>,class std::allocator<char> > const &)" (??0Knight@@QEAA@DAEBV?$basic_string@DU?$char_traits@D@std@@V?$allocator@D@2@@std@@@Z)
Board.obj : error LNK2001: unresolved external symbol "public: __cdecl Queen::Queen(char,class std::basic_string<char,struct std::char_traits<char>,class std::allocator<char> > const &)" (??0Queen@@QEAA@DAEBV?$basic_string@DU?$char_traits@D@std@@V?$allocator@D@2@@std@@@Z)
C:\Users\Cyber_User\source\repos\Chess-Project-Magshimim\Project1\x64\Release\Project1.exe : fatal error LNK1120: 2 unresolved externals
