  Bishop.cpp
  Board.cpp
C:\Users\Cyber_User\source\repos\Chess-Project-Magshimim\Project1\Bishop.cpp(20,30): error C2039: 'createException': is not a member of 'MoveException'
      C:\Users\Cyber_User\source\repos\Chess-Project-Magshimim\Project1\MoveException.h(20,7):
      see declaration of 'MoveException'
  
C:\Users\Cyber_User\source\repos\Chess-Project-Magshimim\Project1\Bishop.cpp(20,30): error C3861: 'createException': identifier not found
C:\Users\Cyber_User\source\repos\Chess-Project-Magshimim\Project1\Bishop.cpp(25,30): error C2039: 'createException': is not a member of 'MoveException'
      C:\Users\Cyber_User\source\repos\Chess-Project-Magshimim\Project1\MoveException.h(20,7):
      see declaration of 'MoveException'
  
C:\Users\Cyber_User\source\repos\Chess-Project-Magshimim\Project1\Bishop.cpp(25,30): error C3861: 'createException': identifier not found
C:\Users\Cyber_User\source\repos\Chess-Project-Magshimim\Project1\Bishop.cpp(34,30): error C2039: 'createException': is not a member of 'MoveException'
      C:\Users\Cyber_User\source\repos\Chess-Project-Magshimim\Project1\MoveException.h(20,7):
      see declaration of 'MoveException'
  
C:\Users\Cyber_User\source\repos\Chess-Project-Magshimim\Project1\Bishop.cpp(34,30): error C3861: 'createException': identifier not found
  King.cpp
C:\Users\Cyber_User\source\repos\Chess-Project-Magshimim\Project1\King.cpp(11,30): error C2039: 'createException': is not a member of 'MoveException'
      C:\Users\Cyber_User\source\repos\Chess-Project-Magshimim\Project1\MoveException.h(20,7):
      see declaration of 'MoveException'
  
C:\Users\Cyber_User\source\repos\Chess-Project-Magshimim\Project1\King.cpp(11,30): error C3861: 'createException': identifier not found
C:\Users\Cyber_User\source\repos\Chess-Project-Magshimim\Project1\King.cpp(33,42): error C2039: 'createException': is not a member of 'MoveException'
      C:\Users\Cyber_User\source\repos\Chess-Project-Magshimim\Project1\MoveException.h(20,7):
      see declaration of 'MoveException'
  
C:\Users\Cyber_User\source\repos\Chess-Project-Magshimim\Project1\King.cpp(33,42): error C3861: 'createException': identifier not found
C:\Users\Cyber_User\source\repos\Chess-Project-Magshimim\Project1\King.cpp(51,30): error C2039: 'createException': is not a member of 'MoveException'
      C:\Users\Cyber_User\source\repos\Chess-Project-Magshimim\Project1\MoveException.h(20,7):
      see declaration of 'MoveException'
  
C:\Users\Cyber_User\source\repos\Chess-Project-Magshimim\Project1\King.cpp(51,30): error C3861: 'createException': identifier not found
  Manager.cpp
C:\Users\Cyber_User\source\repos\Chess-Project-Magshimim\Project1\Manager.cpp(102,34): error C2589: '(': illegal token on right side of '::'
C:\Users\Cyber_User\source\repos\Chess-Project-Magshimim\Project1\Manager.cpp(102,19): error C2144: syntax error: 'unknown-type' should be preceded by ';'
C:\Users\Cyber_User\source\repos\Chess-Project-Magshimim\Project1\Manager.cpp(102,35): error C2059: syntax error: 'constant'
C:\Users\Cyber_User\source\repos\Chess-Project-Magshimim\Project1\Manager.cpp(102,36): error C2059: syntax error: ')'
  Pieces.cpp
  Pwn.cpp
  Rook.cpp
C:\Users\Cyber_User\source\repos\Chess-Project-Magshimim\Project1\Rook.cpp(10,30): error C2039: 'createException': is not a member of 'MoveException'
      C:\Users\Cyber_User\source\repos\Chess-Project-Magshimim\Project1\MoveException.h(20,7):
      see declaration of 'MoveException'
  
C:\Users\Cyber_User\source\repos\Chess-Project-Magshimim\Project1\Rook.cpp(10,30): error C3861: 'createException': identifier not found
C:\Users\Cyber_User\source\repos\Chess-Project-Magshimim\Project1\Rook.cpp(16,30): error C2039: 'createException': is not a member of 'MoveException'
      C:\Users\Cyber_User\source\repos\Chess-Project-Magshimim\Project1\MoveException.h(20,7):
      see declaration of 'MoveException'
  
C:\Users\Cyber_User\source\repos\Chess-Project-Magshimim\Project1\Rook.cpp(16,30): error C3861: 'createException': identifier not found
C:\Users\Cyber_User\source\repos\Chess-Project-Magshimim\Project1\Rook.cpp(25,30): error C2039: 'createException': is not a member of 'MoveException'
      C:\Users\Cyber_User\source\repos\Chess-Project-Magshimim\Project1\MoveException.h(20,7):
      see declaration of 'MoveException'
  
C:\Users\Cyber_User\source\repos\Chess-Project-Magshimim\Project1\Rook.cpp(25,30): error C3861: 'createException': identifier not found
  Source.cpp
  stdafx.cpp
  Generating Code...
